haskell-language-server version: 0.4.0.0 (GHC: 8.10.1) (PATH: /home/lupusanay/.cabal/bin/haskell-language-server-8.10)
Starting (haskell-language-server)LSP server...
  with arguments: LspArguments {argLSP = True, argsCwd = Nothing, argFiles = [], argsShakeProfiling = Nothing, argsTesting = False, argsExamplePlugin = False, argsDebugOn = False, argsLogFile = Nothing, argsThreads = 0, argsProjectGhcVersion = False}
  with plugins: [PluginId "brittany",PluginId "eval",PluginId "floskell",PluginId "fourmolu",PluginId "ghcide",PluginId "importLens",PluginId "ormolu",PluginId "pragmas",PluginId "retrie",PluginId "stylish-haskell"]
  in directory: /home/lupusanay/caltime
If you are seeing this in a terminal, you probably should have run ghcide WITHOUT the --lsp option!
 Started LSP server in 0.12s
2020-10-30 11:48:33.460707128 [ThreadId 37] - Opened text document: file:///home/lupusanay/caltime/backend/app/Main.hs
2020-10-30 11:48:33.46200989 [ThreadId 37] - Opened text document: file:///home/lupusanay/caltime/backend/src/Lib.hs
2020-10-30 11:48:33.464765092 [ThreadId 143] - Consulting the cradle for "/home/lupusanay/caltime/backend/src/Lib.hs"
Output from setting up the cradle Cradle {cradleRootDir = "/home/lupusanay/caltime/backend", cradleOptsProg = CradleAction: Cabal}
> Warning: The package list for 'hackage.haskell.org' is 42 days old.
> Run 'cabal update' to get the latest list of available packages.
> Resolving dependencies...
> Build profile: -w ghc-8.10.1 -O1
> In order, the following will be built (use -v for more details):
>  - caltime-0.1.0.0 (lib) (configuration changed)
> Configuring library for caltime-0.1.0.0..
2020-10-30 11:48:36.832262352 [ThreadId 37] - Files created or deleted: [(NormalizedFilePath "/home/lupusanay/caltime/lsp/log/hs_err_20201023.log",False)]
2020-10-30 11:48:36.833183915 [ThreadId 37] - Files created or deleted: [(NormalizedFilePath "/home/lupusanay/caltime/backend/dist-newstyle/cache/compiler",True)]
2020-10-30 11:48:36.833911859 [ThreadId 37] - Files created or deleted: [(NormalizedFilePath "/home/lupusanay/caltime/lsp/log/hs_out_20201023.log",False)]
2020-10-30 11:48:36.834560875 [ThreadId 37] - Files created or deleted: [(NormalizedFilePath "/home/lupusanay/caltime/.git/FETCH_HEAD",True)]
2020-10-30 11:48:36.834808185 [ThreadId 37] - Files created or deleted: [(NormalizedFilePath "/home/lupusanay/caltime/lsp/log/hs_err_20201030.log",True)]
2020-10-30 11:48:36.835159909 [ThreadId 37] - Files created or deleted: [(NormalizedFilePath "/home/lupusanay/caltime/backend/dist-newstyle/cache/plan.json",True)]
2020-10-30 11:48:36.835358749 [ThreadId 37] - Files created or deleted: [(NormalizedFilePath "/home/lupusanay/caltime/lsp/log/hs_out_20200921.log",False)]
2020-10-30 11:48:36.835535597 [ThreadId 37] - Files created or deleted: [(NormalizedFilePath "/home/lupusanay/caltime/lsp/log/hs_err_20200921.log",False)]
2020-10-30 11:48:36.835764864 [ThreadId 37] - Files created or deleted: [(NormalizedFilePath "/home/lupusanay/caltime/backend/dist-newstyle/build/x86_64-linux/ghc-8.10.1/caltime-0.1.0.0/cache/registration",False)]
2020-10-30 11:48:36.836197448 [ThreadId 37] - Files created or deleted: [(NormalizedFilePath "/home/lupusanay/caltime/backend/dist-newstyle/cache/up-to-date",True)]
2020-10-30 11:48:36.836687849 [ThreadId 37] - Files created or deleted: [(NormalizedFilePath "/home/lupusanay/caltime/backend/dist-newstyle/cache/solver-plan",True)]
2020-10-30 11:48:36.836967199 [ThreadId 37] - Files created or deleted: [(NormalizedFilePath "/home/lupusanay/caltime/backend/dist-newstyle/cache/improved-plan",True)]
2020-10-30 11:48:36.837335413 [ThreadId 37] - Files created or deleted: [(NormalizedFilePath "/home/lupusanay/caltime/backend/dist-newstyle/cache/elaborated-plan",True)]
2020-10-30 11:48:36.837744484 [ThreadId 37] - Files created or deleted: [(NormalizedFilePath "/home/lupusanay/caltime/backend/dist-newstyle/packagedb/ghc-8.10.1/package.cache",True)]
2020-10-30 11:48:36.838119822 [ThreadId 37] - Files created or deleted: [(NormalizedFilePath "/home/lupusanay/caltime/backend/dist-newstyle/packagedb/ghc-8.10.1/caltime-0.1.0.0-inplace.conf",True)]
2020-10-30 11:48:36.838557636 [ThreadId 37] - Files created or deleted: [(NormalizedFilePath "/home/lupusanay/caltime/backend/dist-newstyle/build/x86_64-linux/ghc-8.10.1/caltime-0.1.0.0/setup-config",True)]
2020-10-30 11:48:36.838895504 [ThreadId 37] - Files created or deleted: [(NormalizedFilePath "/home/lupusanay/caltime/backend/dist-newstyle/build/x86_64-linux/ghc-8.10.1/caltime-0.1.0.0/build/libHScaltime-0.1.0.0-inplace-ghc8.10.1.so",True)]
2020-10-30 11:48:36.839941659 [ThreadId 37] - Files created or deleted: [(NormalizedFilePath "/home/lupusanay/caltime/backend/dist-newstyle/build/x86_64-linux/ghc-8.10.1/caltime-0.1.0.0/cache/build",True)]
2020-10-30 11:48:36.840217071 [ThreadId 37] - Files created or deleted: [(NormalizedFilePath "/home/lupusanay/caltime/backend/dist-newstyle/build/x86_64-linux/ghc-8.10.1/caltime-0.1.0.0/cache/config",True)]
2020-10-30 11:48:36.840455804 [ThreadId 37] - Files created or deleted: [(NormalizedFilePath "/home/lupusanay/caltime/backend/dist-newstyle/build/x86_64-linux/ghc-8.10.1/caltime-0.1.0.0/package.conf.inplace/package.cache",True)]
2020-10-30 11:48:36.840694628 [ThreadId 37] - Files created or deleted: [(NormalizedFilePath "/home/lupusanay/caltime/backend/dist-newstyle/build/x86_64-linux/ghc-8.10.1/caltime-0.1.0.0/package.conf.inplace/package.cache.lock",True)]
2020-10-30 11:48:36.840952137 [ThreadId 37] - Files created or deleted: [(NormalizedFilePath "/home/lupusanay/caltime/backend/dist-newstyle/build/x86_64-linux/ghc-8.10.1/caltime-0.1.0.0/x/caltime/setup-config",True)]
2020-10-30 11:48:36.841178678 [ThreadId 37] - Files created or deleted: [(NormalizedFilePath "/home/lupusanay/caltime/backend/dist-newstyle/build/x86_64-linux/ghc-8.10.1/caltime-0.1.0.0/x/caltime/cache/config",True)]
2020-10-30 11:48:36.841404197 [ThreadId 37] - Files created or deleted: [(NormalizedFilePath "/home/lupusanay/caltime/backend/dist-newstyle/build/x86_64-linux/ghc-8.10.1/caltime-0.1.0.0/x/caltime/package.conf.inplace/package.cache",True)]
2020-10-30 11:48:36.841671344 [ThreadId 37] - Files created or deleted: [(NormalizedFilePath "/home/lupusanay/caltime/backend/dist-newstyle/build/x86_64-linux/ghc-8.10.1/caltime-0.1.0.0/x/caltime/package.conf.inplace/package.cache.lock",True)]
2020-10-30 11:48:36.85427764 [ThreadId 37] - Files created or deleted: [(NormalizedFilePath "/home/lupusanay/caltime/lsp/conf/hs.json",True)]
> Preprocessing library for caltime-0.1.0.0..
2020-10-30 11:48:38.999820172 [ThreadId 143] - Using interface files cache dir: /home/lupusanay/.cache/ghcide/caltime-0.1.0.0-inplace-fe36c656220cd727d7d09c28d3962836647408e4
2020-10-30 11:48:39.000196251 [ThreadId 143] - Making new HscEnv[caltime-0.1.0.0-inplace]
2020-10-30 11:48:39.018337398 [ThreadId 976] - Consulting the cradle for "/home/lupusanay/caltime/backend/app/Main.hs"
Output from setting up the cradle Cradle {cradleRootDir = "/home/lupusanay/caltime/backend", cradleOptsProg = CradleAction: Cabal}
> Warning: The package list for 'hackage.haskell.org' is 42 days old.
> Run 'cabal update' to get the latest list of available packages.
> Resolving dependencies...
> Build profile: -w ghc-8.10.1 -O1
> In order, the following will be built (use -v for more details):
>  - caltime-0.1.0.0 (lib) (configuration changed)
>  - caltime-0.1.0.0 (exe:caltime) (configuration changed)
> Configuring library for caltime-0.1.0.0..
2020-10-30 11:48:40.92365366 [ThreadId 1053] - finish: CodeAction (took 0.00s)
2020-10-30 11:48:41.172702759 [ThreadId 1059] - finish: CodeAction:PackageExports (took 0.25s)
2020-10-30 11:48:41.35995954 [ThreadId 1067] - finish: CodeAction (took 0.00s)
2020-10-30 11:48:41.360065787 [ThreadId 1069] - finish: CodeAction:PackageExports (took 0.00s)
> Preprocessing library for caltime-0.1.0.0..
> Building library for caltime-0.1.0.0..
> Configuring executable 'caltime' for caltime-0.1.0.0..
> Warning: The package has an extraneous version range for a dependency on an
> internal library: caltime -any && ==0.1.0.0. This version range includes the
> current package but isn't needed as the current package's library will always
> be used.
> Preprocessing executable 'caltime' for caltime-0.1.0.0..
2020-10-30 11:48:43.77090538 [ThreadId 1080] - finish: CodeAction (took 0.00s)
2020-10-30 11:48:43.771015865 [ThreadId 1082] - finish: CodeAction:PackageExports (took 0.00s)
2020-10-30 11:48:44.97938432 [ThreadId 976] - Using interface files cache dir: /home/lupusanay/.cache/ghcide/main-4ea79753e7dd7403eca78efb2218e138b8826e3c
2020-10-30 11:48:44.979639715 [ThreadId 976] - Using interface files cache dir: /home/lupusanay/.cache/ghcide/caltime-0.1.0.0-inplace-ffffc38976c0ead5ea3e16a84033394f473f99e7
2020-10-30 11:48:44.979726917 [ThreadId 976] - Making new HscEnv[main,caltime-0.1.0.0-inplace]
2020-10-30 11:48:46.234473596 [ThreadId 1322] - GhcIde.hover entered (ideLogger)
2020-10-30 11:48:46.234705317 [ThreadId 1322] - Hover request at position 8:8 in file: /home/lupusanay/caltime/backend/src/Lib.hs
2020-10-30 11:48:46.395866408 [ThreadId 1333] - GhcIde.hover entered (ideLogger)
2020-10-30 11:48:46.396053596 [ThreadId 1333] - Hover request at position 7:7 in file: /home/lupusanay/caltime/backend/src/Lib.hs
2020-10-30 11:48:51.511036483 [ThreadId 1340] - GhcIde.hover entered (ideLogger)
2020-10-30 11:48:51.511247195 [ThreadId 1340] - Hover request at position 7:10 in file: /home/lupusanay/caltime/backend/src/Lib.hs
2020-10-30 11:48:54.739866394 [ThreadId 1347] - GhcIde.hover entered (ideLogger)
2020-10-30 11:48:54.740075834 [ThreadId 1347] - Hover request at position 8:13 in file: /home/lupusanay/caltime/backend/src/Lib.hs
2020-10-30 11:48:55.715338485 [ThreadId 1354] - GhcIde.hover entered (ideLogger)
2020-10-30 11:48:55.715505416 [ThreadId 1354] - Hover request at position 7:12 in file: /home/lupusanay/caltime/backend/src/Lib.hs
2020-10-30 11:48:55.873800436 [ThreadId 1361] - GhcIde.hover entered (ideLogger)
2020-10-30 11:48:55.873959822 [ThreadId 1361] - Hover request at position 6:14 in file: /home/lupusanay/caltime/backend/src/Lib.hs
2020-10-30 11:53:26.749098349 [ThreadId 1369] - finish: CodeAction (took 0.00s)
2020-10-30 11:53:26.877550406 [ThreadId 1375] - finish: CodeAction:PackageExports (took 0.13s)
2020-10-30 12:02:50.042991921 [ThreadId 1382] - GhcIde.hover entered (ideLogger)
2020-10-30 12:02:50.043186213 [ThreadId 1382] - Hover request at position 8:13 in file: /home/lupusanay/caltime/backend/src/Lib.hs
2020-10-30 12:02:50.092922738 [ThreadId 1390] - finish: CodeAction (took 0.00s)
2020-10-30 12:02:50.093053843 [ThreadId 1392] - finish: CodeAction:PackageExports (took 0.00s)
2020-10-30 12:02:50.10799796 [ThreadId 1400] - GhcIde.hover entered (ideLogger)
2020-10-30 12:02:50.108102656 [ThreadId 1400] - Hover request at position 7:14 in file: /home/lupusanay/caltime/backend/src/Lib.hs
2020-10-30 12:02:50.225187484 [ThreadId 1407] - GhcIde.hover entered (ideLogger)
2020-10-30 12:02:50.225369062 [ThreadId 1407] - Hover request at position 8:12 in file: /home/lupusanay/caltime/backend/src/Lib.hs
2020-10-30 12:02:50.241754707 [ThreadId 1414] - GhcIde.hover entered (ideLogger)
2020-10-30 12:02:50.241939602 [ThreadId 1414] - Hover request at position 8:11 in file: /home/lupusanay/caltime/backend/src/Lib.hs
2020-10-30 12:03:05.503922673 [ThreadId 1422] - finish: CodeAction (took 0.00s)
2020-10-30 12:03:05.504115854 [ThreadId 1424] - finish: CodeAction:PackageExports (took 0.00s)
2020-10-30 12:03:11.191619817 [ThreadId 1432] - GhcIde.hover entered (ideLogger)
2020-10-30 12:03:11.191820411 [ThreadId 1432] - Hover request at position 7:45 in file: /home/lupusanay/caltime/backend/src/Lib.hs
2020-10-30 12:03:12.706751976 [ThreadId 1439] - GhcIde.hover entered (ideLogger)
2020-10-30 12:03:12.706962258 [ThreadId 1439] - Hover request at position 5:17 in file: /home/lupusanay/caltime/backend/src/Lib.hs
2020-10-30 12:03:13.15169971 [ThreadId 1446] - GhcIde.hover entered (ideLogger)
2020-10-30 12:03:13.15188719 [ThreadId 1446] - Hover request at position 3:11 in file: /home/lupusanay/caltime/backend/src/Lib.hs
2020-10-30 12:03:17.173831979 [ThreadId 1453] - GhcIde.hover entered (ideLogger)
2020-10-30 12:03:17.174071575 [ThreadId 1453] - Hover request at position 7:32 in file: /home/lupusanay/caltime/backend/src/Lib.hs
2020-10-30 12:03:19.398766834 [ThreadId 1460] - GhcIde.hover entered (ideLogger)
2020-10-30 12:03:19.398958742 [ThreadId 1460] - Hover request at position 1:2 in file: /home/lupusanay/caltime/backend/src/Lib.hs
2020-10-30 12:03:19.400028085 [ThreadId 1467] - DocumentHighlight request at position 1:2 in file: /home/lupusanay/caltime/backend/src/Lib.hs
2020-10-30 12:03:22.121535752 [ThreadId 37] - Closed text document: file:///home/lupusanay/caltime/backend/src/Lib.hs
2020-10-30 12:03:22.122025284 [ThreadId 1475] - Typechecking reverse dependencies forNormalizedFilePath "/home/lupusanay/caltime/backend/src/Lib.hs": [NormalizedFilePath "/home/lupusanay/caltime/backend/app/Main.hs"]
2020-10-30 12:03:22.128662448 [ThreadId 37] - Closed text document: file:///home/lupusanay/caltime/backend/app/Main.hs
2020-10-30 12:03:22.128745993 [ThreadId 1476] - Typechecking reverse dependencies forNormalizedFilePath "/home/lupusanay/caltime/backend/app/Main.hs": []
